remoteSystem/app/build-slipad-Android_Qt_6_2_3_Clang_arm64_v8a-Debug/android-build/build/outputs/logs/manifest-merger-debug-report.txt
-- Merging decision tree log ---
manifest
ADDED from build-slipad-Android_Qt_6_2_3_Clang_arm64_v8a-Debug/android-build/AndroidManifest.xml:2:1-47:12
INJECTED from build-slipad-Android_Qt_6_2_3_Clang_arm64_v8a-Debug/android-build/AndroidManifest.xml:2:1-47:12
INJECTED from build-slipad-Android_Qt_6_2_3_Clang_arm64_v8a-Debug/android-build/AndroidManifest.xml:2:1-47:12
INJECTED from build-slipad-Android_Qt_6_2_3_Clang_arm64_v8a-Debug/android-build/AndroidManifest.xml:2:1-47:12
INJECTED from build-slipad-Android_Qt_6_2_3_Clang_arm64_v8a-Debug/android-build/AndroidManifest.xml:2:1-47:12
INJECTED from build-slipad-Android_Qt_6_2_3_Clang_arm64_v8a-Debug/android-build/AndroidManifest.xml:2:1-47:12
INJECTED from build-slipad-Android_Qt_6_2_3_Clang_arm64_v8a-Debug/android-build/AndroidManifest.xml:2:1-47:12
	package
		ADDED from build-slipad-Android_Qt_6_2_3_Clang_arm64_v8a-Debug/android-build/AndroidManifest.xml:3:5-43
		INJECTED from build-slipad-Android_Qt_6_2_3_Clang_arm64_v8a-Debug/android-build/AndroidManifest.xml
		INJECTED from build-slipad-Android_Qt_6_2_3_Clang_arm64_v8a-Debug/android-build/AndroidManifest.xml
	android:versionName
		ADDED from build-slipad-Android_Qt_6_2_3_Clang_arm64_v8a-Debug/android-build/AndroidManifest.xml:6:5-30
		INJECTED from build-slipad-Android_Qt_6_2_3_Clang_arm64_v8a-Debug/android-build/AndroidManifest.xml
		INJECTED from build-slipad-Android_Qt_6_2_3_Clang_arm64_v8a-Debug/android-build/AndroidManifest.xml
	xmlns:android
		ADDED from build-slipad-Android_Qt_6_2_3_Clang_arm64_v8a-Debug/android-build/AndroidManifest.xml:2:11-69
	android:versionCode
		ADDED from build-slipad-Android_Qt_6_2_3_Clang_arm64_v8a-Debug/android-build/AndroidManifest.xml:5:5-28
		INJECTED from build-slipad-Android_Qt_6_2_3_Clang_arm64_v8a-Debug/android-build/AndroidManifest.xml
		INJECTED from build-slipad-Android_Qt_6_2_3_Clang_arm64_v8a-Debug/android-build/AndroidManifest.xml
	android:installLocation
		ADDED from build-slipad-Android_Qt_6_2_3_Clang_arm64_v8a-Debug/android-build/AndroidManifest.xml:4:5-35
uses-permission#android.permission.INTERNET
ADDED from build-slipad-Android_Qt_6_2_3_Clang_arm64_v8a-Debug/android-build/AndroidManifest.xml:7:5-67
	android:name
		ADDED from build-slipad-Android_Qt_6_2_3_Clang_arm64_v8a-Debug/android-build/AndroidManifest.xml:7:22-64
uses-permission#android.permission.WRITE_EXTERNAL_STORAGE
ADDED from build-slipad-Android_Qt_6_2_3_Clang_arm64_v8a-Debug/android-build/AndroidManifest.xml:8:5-81
	android:name
		ADDED from build-slipad-Android_Qt_6_2_3_Clang_arm64_v8a-Debug/android-build/AndroidManifest.xml:8:22-78
uses-permission#android.permission.ACCESS_FINE_LOCATION
ADDED from build-slipad-Android_Qt_6_2_3_Clang_arm64_v8a-Debug/android-build/AndroidManifest.xml:9:5-79
	android:name
		ADDED from build-slipad-Android_Qt_6_2_3_Clang_arm64_v8a-Debug/android-build/AndroidManifest.xml:9:22-76
supports-screens
ADDED from build-slipad-Android_Qt_6_2_3_Clang_arm64_v8a-Debug/android-build/AndroidManifest.xml:11:5-15:39
	android:largeScreens
		ADDED from build-slipad-Android_Qt_6_2_3_Clang_arm64_v8a-Debug/android-build/AndroidManifest.xml:13:9-36
	android:smallScreens
		ADDED from build-slipad-Android_Qt_6_2_3_Clang_arm64_v8a-Debug/android-build/AndroidManifest.xml:15:9-36
	android:normalScreens
		ADDED from build-slipad-Android_Qt_6_2_3_Clang_arm64_v8a-Debug/android-build/AndroidManifest.xml:14:9-37
	android:anyDensity
		ADDED from build-slipad-Android_Qt_6_2_3_Clang_arm64_v8a-Debug/android-build/AndroidManifest.xml:12:9-34
application
ADDED from build-slipad-Android_Qt_6_2_3_Clang_arm64_v8a-Debug/android-build/AndroidManifest.xml:16:5-46:19
	android:requestLegacyExternalStorage
		ADDED from build-slipad-Android_Qt_6_2_3_Clang_arm64_v8a-Debug/android-build/AndroidManifest.xml:21:9-52
	android:extractNativeLibs
		ADDED from build-slipad-Android_Qt_6_2_3_Clang_arm64_v8a-Debug/android-build/AndroidManifest.xml:18:9-41
	android:label
		ADDED from build-slipad-Android_Qt_6_2_3_Clang_arm64_v8a-Debug/android-build/AndroidManifest.xml:20:9-31
	android:hardwareAccelerated
		ADDED from build-slipad-Android_Qt_6_2_3_Clang_arm64_v8a-Debug/android-build/AndroidManifest.xml:19:9-43
	android:allowNativeHeapPointerTagging
		ADDED from build-slipad-Android_Qt_6_2_3_Clang_arm64_v8a-Debug/android-build/AndroidManifest.xml:22:9-54
	android:name
		ADDED from build-slipad-Android_Qt_6_2_3_Clang_arm64_v8a-Debug/android-build/AndroidManifest.xml:17:9-71
activity#org.qtproject.qt.android.bindings.QtActivity
ADDED from build-slipad-Android_Qt_6_2_3_Clang_arm64_v8a-Debug/android-build/AndroidManifest.xml:23:9-45:20
	android:screenOrientation
		ADDED from build-slipad-Android_Qt_6_2_3_Clang_arm64_v8a-Debug/android-build/AndroidManifest.xml:28:13-52
	android:label
		ADDED from build-slipad-Android_Qt_6_2_3_Clang_arm64_v8a-Debug/android-build/AndroidManifest.xml:26:13-35
	android:launchMode
		ADDED from build-slipad-Android_Qt_6_2_3_Clang_arm64_v8a-Debug/android-build/AndroidManifest.xml:27:13-43
	android:configChanges
		ADDED from build-slipad-Android_Qt_6_2_3_Clang_arm64_v8a-Debug/android-build/AndroidManifest.xml:25:13-182
	android:name
		ADDED from build-slipad-Android_Qt_6_2_3_Clang_arm64_v8a-Debug/android-build/AndroidManifest.xml:24:13-72
intent-filter#action:name:android.intent.action.MAIN+category:name:android.intent.category.LAUNCHER
ADDED from build-slipad-Android_Qt_6_2_3_Clang_arm64_v8a-Debug/android-build/AndroidManifest.xml:29:13-32:29
action#android.intent.action.MAIN
ADDED from build-slipad-Android_Qt_6_2_3_Clang_arm64_v8a-Debug/android-build/AndroidManifest.xml:30:17-69
	android:name
		ADDED from build-slipad-Android_Qt_6_2_3_Clang_arm64_v8a-Debug/android-build/AndroidManifest.xml:30:25-66
category#android.intent.category.LAUNCHER
ADDED from build-slipad-Android_Qt_6_2_3_Clang_arm64_v8a-Debug/android-build/AndroidManifest.xml:31:17-77
	android:name
		ADDED from build-slipad-Android_Qt_6_2_3_Clang_arm64_v8a-Debug/android-build/AndroidManifest.xml:31:27-74
meta-data#android.app.lib_name
ADDED from build-slipad-Android_Qt_6_2_3_Clang_arm64_v8a-Debug/android-build/AndroidManifest.xml:34:11-36:42
	android:value
		ADDED from build-slipad-Android_Qt_6_2_3_Clang_arm64_v8a-Debug/android-build/AndroidManifest.xml:36:17-39
	android:name
		ADDED from build-slipad-Android_Qt_6_2_3_Clang_arm64_v8a-Debug/android-build/AndroidManifest.xml:35:17-52
meta-data#android.app.arguments
ADDED from build-slipad-Android_Qt_6_2_3_Clang_arm64_v8a-Debug/android-build/AndroidManifest.xml:38:11-40:36
	android:value
		ADDED from build-slipad-Android_Qt_6_2_3_Clang_arm64_v8a-Debug/android-build/AndroidManifest.xml:40:17-33
	android:name
		ADDED from build-slipad-Android_Qt_6_2_3_Clang_arm64_v8a-Debug/android-build/AndroidManifest.xml:39:17-53
meta-data#android.app.extract_android_style
ADDED from build-slipad-Android_Qt_6_2_3_Clang_arm64_v8a-Debug/android-build/AndroidManifest.xml:42:13-44:43
	android:value
		ADDED from build-slipad-Android_Qt_6_2_3_Clang_arm64_v8a-Debug/android-build/AndroidManifest.xml:44:17-40
	android:name
		ADDED from build-slipad-Android_Qt_6_2_3_Clang_arm64_v8a-Debug/android-build/AndroidManifest.xml:43:17-65
uses-sdk
INJECTED from build-slipad-Android_Qt_6_2_3_Clang_arm64_v8a-Debug/android-build/AndroidManifest.xml reason: use-sdk injection requested
INJECTED from build-slipad-Android_Qt_6_2_3_Clang_arm64_v8a-Debug/android-build/AndroidManifest.xml
INJECTED from build-slipad-Android_Qt_6_2_3_Clang_arm64_v8a-Debug/android-build/AndroidManifest.xml
INJECTED from build-slipad-Android_Qt_6_2_3_Clang_arm64_v8a-Debug/android-build/AndroidManifest.xml
INJECTED from build-slipad-Android_Qt_6_2_3_Clang_arm64_v8a-Debug/android-build/AndroidManifest.xml
	android:targetSdkVersion
		INJECTED from build-slipad-Android_Qt_6_2_3_Clang_arm64_v8a-Debug/android-build/AndroidManifest.xml
		ADDED from build-slipad-Android_Qt_6_2_3_Clang_arm64_v8a-Debug/android-build/AndroidManifest.xml
		INJECTED from build-slipad-Android_Qt_6_2_3_Clang_arm64_v8a-Debug/android-build/AndroidManifest.xml
	android:minSdkVersion
		INJECTED from build-slipad-Android_Qt_6_2_3_Clang_arm64_v8a-Debug/android-build/AndroidManifest.xml
		ADDED from build-slipad-Android_Qt_6_2_3_Clang_arm64_v8a-Debug/android-build/AndroidManifest.xml
		INJECTED from build-slipad-Android_Qt_6_2_3_Clang_arm64_v8a-Debug/android-build/AndroidManifest.xml